<?xml version="1.0" encoding="UTF-8"?>
<testsuite name="com.example.hellofood.ExampleUnitTest" tests="1" skipped="0" failures="0" errors="0" timestamp="2024-01-22T14:29:05" hostname="MAY54" time="0.005">
  <properties/>
  <testcase name="addition_isCorrect" classname="com.example.hellofood.ExampleUnitTest" time="0.005"/>
  <system-out><![CDATA[]]></system-out>
  <system-err><![CDATA[]]></system-err>
</testsuite>
